Arguments: 
  C:\Program Files\nodejs\node.exe C:\Users\HIRUNI\AppData\Roaming\npm\node_modules\yarn\bin\yarn.js

PATH: 
  C:\Program Files (x86)\Common Files\Oracle\Java\javapath;C:\Windows\system32;C:\Windows;C:\Windows\System32\Wbem;C:\Windows\System32\WindowsPowerShell\v1.0\;C:\Windows\System32\OpenSSH\;C:\Program Files\Microsoft SQL Server\Client SDK\ODBC\170\Tools\Binn\;C:\Program Files\dotnet\;C:\Program Files (x86)\Microsoft SQL Server\150\Tools\Binn\;C:\Program Files\Microsoft SQL Server\150\Tools\Binn\;C:\Program Files\Microsoft SQL Server\150\DTS\Binn\;C:\Program Files (x86)\Microsoft SQL Server\150\DTS\Binn\;C:\Program Files\Azure Data Studio\bin;C:\Program Files\Java\jdk-17.0.4\bin;C:\Program Files\nodejs\;C:\Program Files\Git\cmd;C:\Program Files\MySQL\MySQL Shell 8.0\bin\;C:\Users\HIRUNI\AppData\Local\Microsoft\WindowsApps;C:\Users\HIRUNI\.dotnet\tools;C:\Program Files\Azure Data Studio\bin;C:\Users\HIRUNI\AppData\Local\GitHubDesktop\bin;C:\Users\HIRUNI\AppData\Roaming\npm;C:\Users\HIRUNI\AppData\Local\Programs\Microsoft VS Code\bin

Yarn version: 
  1.22.19

Node version: 
  18.12.1

Platform: 
  win32 x64

Trace: 
  Error: getaddrinfo ENOTFOUND registry.yarnpkg.com
      at GetAddrInfoReqWrap.onlookup [as oncomplete] (node:dns:107:26)

npm manifest: 
  {
    "name": "hiruni-backend",
    "version": "1.0.0",
    "main": "index.js",
    "repository": "https://github.com/kalpasuraweera/hiruni-backend.git",
    "author": "kalpa madhushan <kalpa@codescale.lk>",
    "license": "MIT",
    "scripts": {
      "start": "node index.js",
      "dev": "nodemon index.js"
    },
    "dependencies": {
      "bcrypt": "^5.1.0",
      "body-parser": "^1.20.2",
      "cors": "^2.8.5",
      "dotenv": "^16.0.3",
      "express": "^4.18.2",
      "jsonwebtoken": "^9.0.0",
      "jwt-decode": "^3.1.2",
      "mongoose": "^7.0.1",
      "nodemailer": "^6.9.1",
      "passport": "^0.6.0",
      "passport-google-oauth20": "^2.0.0",
      "passport-jwt": "^4.0.1",
      "passport-local": "^1.0.0"
    }
  }

yarn manifest: 
  No manifest

Lockfile: 
  No lockfile
